  Entity.cpp
C:\Projects\sfmltest\Entity.cpp(4,1): error C2011: 'Entity': 'class' type redefinition
C:\Projects\sfmltest\Entity.h(4,7): message : see declaration of 'Entity'
  GameLoop.cpp
C:\Projects\sfmltest\GameLoop.cpp(26,32): error C2661: 'Player::Player': no overloaded function takes 4 arguments
C:\Projects\sfmltest\GameLoop.cpp(26,32): message : while trying to match the argument list '(sf::RectangleShape, sf::Vector2f, const char [12], float)'
  Player.cpp
C:\Projects\sfmltest\Player.cpp(6,14): error C2011: 'Player': 'class' type redefinition
C:\Projects\sfmltest\Player.h(5,7): message : see declaration of 'Player'
  sfmltest.cpp
  Generating Code...
